d:\study\4 semestr\ос\server\server\x64\debug\vc142.pdb
d:\study\4 semestr\ос\server\server\x64\debug\.netframework,version=v4.7.2.assemblyattributes.obj
d:\study\4 semestr\ос\server\server\x64\debug\myform.obj
d:\study\4 semestr\ос\server\server\x64\debug\server.vcxprojassemblyreference.cache
d:\study\4 semestr\ос\server\x64\debug\server.pdb
d:\study\4 semestr\ос\server\server\x64\debug\server.tlog\cl.command.1.tlog
d:\study\4 semestr\ос\server\server\x64\debug\server.tlog\cl.read.1.tlog
d:\study\4 semestr\ос\server\server\x64\debug\server.tlog\cl.write.1.tlog
d:\study\4 semestr\ос\server\server\x64\debug\server.tlog\link.12620-cvtres.read.1.tlog
d:\study\4 semestr\ос\server\server\x64\debug\server.tlog\link.12620-cvtres.write.1.tlog
d:\study\4 semestr\ос\server\server\x64\debug\server.tlog\link.12620-rc.read.1.tlog
d:\study\4 semestr\ос\server\server\x64\debug\server.tlog\link.12620-rc.write.1.tlog
d:\study\4 semestr\ос\server\server\x64\debug\server.tlog\link.12620.read.1.tlog
d:\study\4 semestr\ос\server\server\x64\debug\server.tlog\link.12620.write.1.tlog
d:\study\4 semestr\ос\server\server\x64\debug\server.tlog\link.9560-cvtres.read.1.tlog
d:\study\4 semestr\ос\server\server\x64\debug\server.tlog\link.9560-cvtres.write.1.tlog
d:\study\4 semestr\ос\server\server\x64\debug\server.tlog\link.9560-rc.read.1.tlog
d:\study\4 semestr\ос\server\server\x64\debug\server.tlog\link.9560-rc.write.1.tlog
d:\study\4 semestr\ос\server\server\x64\debug\server.tlog\link.9560.read.1.tlog
d:\study\4 semestr\ос\server\server\x64\debug\server.tlog\link.9560.write.1.tlog
d:\study\4 semestr\ос\server\server\x64\debug\server.tlog\link.9616.read.1.tlog
d:\study\4 semestr\ос\server\server\x64\debug\server.tlog\link.9616.write.1.tlog
d:\study\4 semestr\ос\server\server\x64\debug\server.tlog\link.command.1.tlog
d:\study\4 semestr\ос\server\server\x64\debug\server.tlog\link.read.1.tlog
d:\study\4 semestr\ос\server\server\x64\debug\server.tlog\link.write.1.tlog
d:\study\4 semestr\ос\server\server\x64\debug\server.tlog\metagen.read.1.tlog
d:\study\4 semestr\ос\server\server\x64\debug\server.tlog\metagen.write.1.tlog
